<?xml version="1.0" encoding="UTF-8"?>
<!-- Generated by org.testng.reporters.JUnitReportReporter -->
<testsuite skipped="0" hostname="INBGQT-LT-0113" name="com.test.TestClass" tests="1" failures="0" timestamp="27 Jun 2018 12:14:01 GMT" time="94.777" errors="0">
  <testcase name="directDebitDelete" time="94.777" classname="com.test.TestClass"/>
</testsuite> <!-- com.test.TestClass -->
