<?xml version="1.0" encoding="UTF-8"?>
<!-- Generated by org.testng.reporters.JUnitReportReporter -->
<testsuite skipped="0" hostname="INBGQT-LT-0482" name="com.test.TestClass" tests="1" failures="0" timestamp="16 May 2019 14:34:06 GMT" time="82.180" errors="0">
  <testcase name="OrderManagement" time="82.180" classname="com.test.TestClass"/>
</testsuite> <!-- com.test.TestClass -->
