<?xml version="1.0" encoding="UTF-8"?>
<!-- Generated by org.testng.reporters.JUnitReportReporter -->
<testsuite skipped="0" hostname="INBGQT-LT-0165" name="com.test.TestClass" tests="1" failures="0" timestamp="28 Apr 2018 07:08:36 GMT" time="10.815" errors="0">
  <testcase name="firstMethod" time="10.815" classname="com.test.TestClass"/>
</testsuite> <!-- com.test.TestClass -->
